<?xml version="1.0" encoding="UTF-8"?>
<!-- Generated by org.testng.reporters.JUnitXMLReporter -->
<testsuite ignored="3" hostname="SSB" failures="0" tests="6" name="API Test" time="1.068" errors="0" timestamp="2025-08-12T10:43:39 IST">
  <testcase classname="com.qa.api.tests.ViewUserTests" name="viewUserList" time="0.335"/>
  <testcase classname="com.qa.api.tests.ViewUserTests" name="viewUserById" time="0.125"/>
  <testcase classname="com.qa.api.tests.ViewUserTests" name="viewUserByGender" time="0.158"/>
  <testcase classname="com.qa.api.tests.AddUserTests" name="testAddUser" time="0.129"/>
  <testcase classname="com.qa.api.tests.UpdateUserTests" name="testUpdateUserPhoneNumber" time="0.142"/>
  <testcase classname="com.qa.api.tests.DeleteUserTests" name="testDeleteUser" time="0.139"/>
  <testcase classname="com.qa.api.tests.TestBase" name="@BeforeSuite setupSuite" time="0.0">
    <ignored/>
  </testcase> <!-- @BeforeSuite setupSuite -->
  <testcase classname="com.qa.api.tests.TestBase" name="@BeforeSuite setupSuite" time="0.0">
    <ignored/>
  </testcase> <!-- @BeforeSuite setupSuite -->
  <testcase classname="com.qa.api.tests.TestBase" name="@BeforeSuite setupSuite" time="0.0">
    <ignored/>
  </testcase> <!-- @BeforeSuite setupSuite -->
</testsuite> <!-- API Test -->
