<?xml version="1.0" encoding="UTF-8"?>
<!-- Generated by org.testng.reporters.JUnitXMLReporter -->
<testsuite ignored="3" hostname="SSB" failures="0" tests="6" name="Valid API Tests" time="1.253" errors="0" timestamp="2025-08-12T11:10:39 IST">
  <testcase classname="com.qa.api.tests.ViewUserTests" name="viewUserList" time="0.375"/>
  <testcase classname="com.qa.api.tests.ViewUserTests" name="viewUserById" time="0.139"/>
  <testcase classname="com.qa.api.tests.ViewUserTests" name="viewUserByGender" time="0.126"/>
  <testcase classname="com.qa.api.tests.AddUserTests" name="testAddUser" time="0.136"/>
  <testcase classname="com.qa.api.tests.UpdateUserTests" name="testUpdateUserPhoneNumber" time="0.122"/>
  <testcase classname="com.qa.api.tests.DeleteUserTests" name="testDeleteUser" time="0.313"/>
  <testcase classname="com.qa.api.tests.TestBase" name="@BeforeSuite setupSuite" time="0.0">
    <ignored/>
  </testcase> <!-- @BeforeSuite setupSuite -->
  <testcase classname="com.qa.api.tests.TestBase" name="@BeforeSuite setupSuite" time="0.0">
    <ignored/>
  </testcase> <!-- @BeforeSuite setupSuite -->
  <testcase classname="com.qa.api.tests.TestBase" name="@BeforeSuite setupSuite" time="0.0">
    <ignored/>
  </testcase> <!-- @BeforeSuite setupSuite -->
</testsuite> <!-- Valid API Tests -->
