<?xml version="1.0" encoding="UTF-8"?>
<!-- Generated by org.testng.reporters.JUnitReportReporter -->
<testsuite hostname="SSB" failures="0" tests="3" name="com.qa.api.tests.ViewUserTests" time="0.640" errors="0" timestamp="2025-08-12T11:10:39 IST" skipped="0">
  <testcase classname="com.qa.api.tests.ViewUserTests" name="viewUserList" time="0.375"/>
  <testcase classname="com.qa.api.tests.ViewUserTests" name="viewUserById" time="0.139"/>
  <testcase classname="com.qa.api.tests.ViewUserTests" name="viewUserByGender" time="0.126"/>
</testsuite> <!-- com.qa.api.tests.ViewUserTests -->
